[2.994s] Invoking command in '/home/ozga/ros2_ws/src/my_package': DEBUGINFOD_URLS=https://debuginfod.ubuntu.com PYTHONPATH=/home/ozga/ros2_ws/build/my_package/prefix_override:/usr/lib/python3/dist-packages/colcon_core/task/python/colcon_distutils_commands:/home/ozga/ros2_ws/install/my_package/lib/python3.12/site-packages:${PYTHONPATH} /usr/bin/python3 -W ignore:setup.py install is deprecated -W ignore:easy_install command is deprecated setup.py egg_info --egg-base ../../build/my_package build --build-base /home/ozga/ros2_ws/build/my_package/build install --record /home/ozga/ros2_ws/build/my_package/install.log --single-version-externally-managed install_data
[3.482s] running egg_info
[3.513s] creating ../../build/my_package/my_package.egg-info
[3.527s] writing ../../build/my_package/my_package.egg-info/PKG-INFO
[3.528s] writing dependency_links to ../../build/my_package/my_package.egg-info/dependency_links.txt
[3.528s] writing requirements to ../../build/my_package/my_package.egg-info/requires.txt
[3.529s] writing top-level names to ../../build/my_package/my_package.egg-info/top_level.txt
[3.547s] writing manifest file '../../build/my_package/my_package.egg-info/SOURCES.txt'
[3.610s] reading manifest file '../../build/my_package/my_package.egg-info/SOURCES.txt'
[3.611s] writing manifest file '../../build/my_package/my_package.egg-info/SOURCES.txt'
[3.613s] running build
[3.619s] running build_py
[3.619s] creating /home/ozga/ros2_ws/build/my_package/build
[3.619s] creating /home/ozga/ros2_ws/build/my_package/build/lib
[3.620s] creating /home/ozga/ros2_ws/build/my_package/build/lib/my_package
[3.620s] copying my_package/__init__.py -> /home/ozga/ros2_ws/build/my_package/build/lib/my_package
[3.633s] running install
[3.653s] running install_lib
[3.726s] creating /home/ozga/ros2_ws/install/my_package/lib/python3.12/site-packages/my_package
[3.726s] copying /home/ozga/ros2_ws/build/my_package/build/lib/my_package/__init__.py -> /home/ozga/ros2_ws/install/my_package/lib/python3.12/site-packages/my_package
[3.727s] byte-compiling /home/ozga/ros2_ws/install/my_package/lib/python3.12/site-packages/my_package/__init__.py to __init__.cpython-312.pyc
[3.727s] running install_data
[3.727s] creating /home/ozga/ros2_ws/install/my_package/share/ament_index
[3.727s] creating /home/ozga/ros2_ws/install/my_package/share/ament_index/resource_index
[3.727s] creating /home/ozga/ros2_ws/install/my_package/share/ament_index/resource_index/packages
[3.727s] copying resource/my_package -> /home/ozga/ros2_ws/install/my_package/share/ament_index/resource_index/packages
[3.740s] copying package.xml -> /home/ozga/ros2_ws/install/my_package/share/my_package
[3.740s] running install_egg_info
[3.773s] Copying ../../build/my_package/my_package.egg-info to /home/ozga/ros2_ws/install/my_package/lib/python3.12/site-packages/my_package-0.0.0-py3.12.egg-info
[3.776s] running install_scripts
[3.992s] writing list of installed files to '/home/ozga/ros2_ws/build/my_package/install.log'
[4.036s] Invoked command in '/home/ozga/ros2_ws/src/my_package' returned '0': DEBUGINFOD_URLS=https://debuginfod.ubuntu.com PYTHONPATH=/home/ozga/ros2_ws/build/my_package/prefix_override:/usr/lib/python3/dist-packages/colcon_core/task/python/colcon_distutils_commands:/home/ozga/ros2_ws/install/my_package/lib/python3.12/site-packages:${PYTHONPATH} /usr/bin/python3 -W ignore:setup.py install is deprecated -W ignore:easy_install command is deprecated setup.py egg_info --egg-base ../../build/my_package build --build-base /home/ozga/ros2_ws/build/my_package/build install --record /home/ozga/ros2_ws/build/my_package/install.log --single-version-externally-managed install_data
